<?xml version="1.0" encoding="UTF-8"?>
<!-- Generated by org.testng.reporters.JUnitReportReporter -->
<testsuite hostname="DTBLR01LP237" failures="0" tests="1" name="com.app.Tests.TestScript" time="25.277" errors="0" timestamp="2023-07-12T11:38:32 IST" skipped="0">
  <testcase classname="com.app.Tests.TestScript" name="Details" time="25.277"/>
  <system-out/>
</testsuite> <!-- com.app.Tests.TestScript -->
