<?xml version="1.0" encoding="UTF-8"?>
<!-- Generated by org.testng.reporters.JUnitReportReporter -->
<testsuite hostname="DTBLR01LP237" failures="0" tests="3" name="com.app.Tests.TestAutomation" time="25.197" errors="0" timestamp="2023-07-12T18:31:02 IST" skipped="0">
  <testcase classname="com.app.Tests.TestAutomation" name="Details" time="7.434"/>
  <system-out/>
  <testcase classname="com.app.Tests.TestAutomation" name="Details" time="7.631"/>
  <system-out/>
  <testcase classname="com.app.Tests.TestAutomation" name="Details" time="10.132"/>
  <system-out/>
</testsuite> <!-- com.app.Tests.TestAutomation -->
